=== RUN   TestBuyOneBook
--- PASS: TestBuyOneBook (0.00s)
=== RUN   TestBuyTwoDifferentBook
--- PASS: TestBuyTwoDifferentBook (0.00s)
=== RUN   Test_calculatePrice
=== RUN   Test_calculatePrice/Basic_:_zero_book
=== RUN   Test_calculatePrice/Basic_:_Ep1
=== RUN   Test_calculatePrice/SimpleDiscounts_:_two_different_book
=== RUN   Test_calculatePrice/SimpleDiscounts_:_three_different_book
=== RUN   Test_calculatePrice/SimpleDiscounts_:_five_different_book
=== RUN   Test_calculatePrice/SeveralDiscounts_:_2_EP1&1_EP2
    BookStore_test.go:73: calculatePrice() should got 23.2, but got 22.8
=== RUN   Test_calculatePrice/SeveralDiscounts_:_2_EP1&1_EP2&2_EP3&1_EP4
    BookStore_test.go:73: calculatePrice() should got 40.8, but got 45.6
--- FAIL: Test_calculatePrice (0.00s)
    --- PASS: Test_calculatePrice/Basic_:_zero_book (0.00s)
    --- PASS: Test_calculatePrice/Basic_:_Ep1 (0.00s)
    --- PASS: Test_calculatePrice/SimpleDiscounts_:_two_different_book (0.00s)
    --- PASS: Test_calculatePrice/SimpleDiscounts_:_three_different_book (0.00s)
    --- PASS: Test_calculatePrice/SimpleDiscounts_:_five_different_book (0.00s)
    --- FAIL: Test_calculatePrice/SeveralDiscounts_:_2_EP1&1_EP2 (0.00s)
    --- FAIL: Test_calculatePrice/SeveralDiscounts_:_2_EP1&1_EP2&2_EP3&1_EP4 (0.00s)
FAIL
exit status 1
FAIL	_/home/allenchen/TDD	0.002s
